Determining if the pthread_create exist failed with the following output:
Change Dir: /home/liu_jia/orbslam_ws/ORB_SLAM2/ORBSLAM2_with_pointcloud_map/ORB_SLAM2_modified/Examples/ROS/ORB_SLAM2/build/CMakeFiles/CMakeTmp

Run Build Command:"/usr/bin/make" "cmTC_ca548/fast"
/usr/bin/make -f CMakeFiles/cmTC_ca548.dir/build.make CMakeFiles/cmTC_ca548.dir/build
make[1]: Entering directory '/home/liu_jia/orbslam_ws/ORB_SLAM2/ORBSLAM2_with_pointcloud_map/ORB_SLAM2_modified/Examples/ROS/ORB_SLAM2/build/CMakeFiles/CMakeTmp'
Building C object CMakeFiles/cmTC_ca548.dir/CheckSymbolExists.c.o
/usr/bin/cc    -o CMakeFiles/cmTC_ca548.dir/CheckSymbolExists.c.o   -c /home/liu_jia/orbslam_ws/ORB_SLAM2/ORBSLAM2_with_pointcloud_map/ORB_SLAM2_modified/Examples/ROS/ORB_SLAM2/build/CMakeFiles/CMakeTmp/CheckSymbolExists.c
Linking C executable cmTC_ca548
/usr/bin/cmake -E cmake_link_script CMakeFiles/cmTC_ca548.dir/link.txt --verbose=1
/usr/bin/cc      -rdynamic CMakeFiles/cmTC_ca548.dir/CheckSymbolExists.c.o  -o cmTC_ca548 
CMakeFiles/cmTC_ca548.dir/CheckSymbolExists.c.o: In function `main':
CheckSymbolExists.c:(.text+0x1b): undefined reference to `pthread_create'
collect2: error: ld returned 1 exit status
CMakeFiles/cmTC_ca548.dir/build.make:97: recipe for target 'cmTC_ca548' failed
make[1]: *** [cmTC_ca548] Error 1
make[1]: Leaving directory '/home/liu_jia/orbslam_ws/ORB_SLAM2/ORBSLAM2_with_pointcloud_map/ORB_SLAM2_modified/Examples/ROS/ORB_SLAM2/build/CMakeFiles/CMakeTmp'
Makefile:126: recipe for target 'cmTC_ca548/fast' failed
make: *** [cmTC_ca548/fast] Error 2

File /home/liu_jia/orbslam_ws/ORB_SLAM2/ORBSLAM2_with_pointcloud_map/ORB_SLAM2_modified/Examples/ROS/ORB_SLAM2/build/CMakeFiles/CMakeTmp/CheckSymbolExists.c:
/* */
#include <pthread.h>

int main(int argc, char** argv)
{
  (void)argv;
#ifndef pthread_create
  return ((int*)(&pthread_create))[argc];
#else
  (void)argc;
  return 0;
#endif
}

Determining if the function pthread_create exists in the pthreads failed with the following output:
Change Dir: /home/liu_jia/orbslam_ws/ORB_SLAM2/ORBSLAM2_with_pointcloud_map/ORB_SLAM2_modified/Examples/ROS/ORB_SLAM2/build/CMakeFiles/CMakeTmp

Run Build Command:"/usr/bin/make" "cmTC_db619/fast"
/usr/bin/make -f CMakeFiles/cmTC_db619.dir/build.make CMakeFiles/cmTC_db619.dir/build
make[1]: Entering directory '/home/liu_jia/orbslam_ws/ORB_SLAM2/ORBSLAM2_with_pointcloud_map/ORB_SLAM2_modified/Examples/ROS/ORB_SLAM2/build/CMakeFiles/CMakeTmp'
Building C object CMakeFiles/cmTC_db619.dir/CheckFunctionExists.c.o
/usr/bin/cc   -DCHECK_FUNCTION_EXISTS=pthread_create   -o CMakeFiles/cmTC_db619.dir/CheckFunctionExists.c.o   -c /usr/share/cmake-3.10/Modules/CheckFunctionExists.c
Linking C executable cmTC_db619
/usr/bin/cmake -E cmake_link_script CMakeFiles/cmTC_db619.dir/link.txt --verbose=1
/usr/bin/cc  -DCHECK_FUNCTION_EXISTS=pthread_create    -rdynamic CMakeFiles/cmTC_db619.dir/CheckFunctionExists.c.o  -o cmTC_db619 -lpthreads 
/usr/bin/ld: cannot find -lpthreads
collect2: error: ld returned 1 exit status
CMakeFiles/cmTC_db619.dir/build.make:97: recipe for target 'cmTC_db619' failed
make[1]: *** [cmTC_db619] Error 1
make[1]: Leaving directory '/home/liu_jia/orbslam_ws/ORB_SLAM2/ORBSLAM2_with_pointcloud_map/ORB_SLAM2_modified/Examples/ROS/ORB_SLAM2/build/CMakeFiles/CMakeTmp'
Makefile:126: recipe for target 'cmTC_db619/fast' failed
make: *** [cmTC_db619/fast] Error 2


